<?xml version="1.0" encoding="UTF-8"?>
<!-- Generated by org.testng.reporters.JUnitReportReporter -->
<testsuite hostname="Varun-pc" failures="0" tests="1" name="testlayer.Testtt" time="32.872" errors="0" timestamp="2022-06-04T19:45:50 EDT" skipped="0">
  <testcase classname="testlayer.Testtt" name="search" time="32.872"/>
  <system-out/>
</testsuite> <!-- testlayer.Testtt -->
