<?xml version="1.0" encoding="UTF-8"?>
<!-- Generated by org.testng.reporters.JUnitReportReporter -->
<testsuite hostname="Varun-pc" failures="0" tests="8" name="testlayer.LoginTest" time="213.786" errors="0" timestamp="2022-05-30T16:50:43 EDT" skipped="0">
  <testcase classname="testlayer.LoginTest" name="Login" time="26.308"/>
  <system-out/>
  <testcase classname="testlayer.LoginTest" name="Login" time="26.625"/>
  <system-out/>
  <testcase classname="testlayer.LoginTest" name="Login" time="31.234"/>
  <system-out/>
  <testcase classname="testlayer.LoginTest" name="Login" time="32.030"/>
  <system-out/>
  <testcase classname="testlayer.LoginTest" name="Login" time="24.683"/>
  <system-out/>
  <testcase classname="testlayer.LoginTest" name="Login" time="22.721"/>
  <system-out/>
  <testcase classname="testlayer.LoginTest" name="Login" time="23.831"/>
  <system-out/>
  <testcase classname="testlayer.LoginTest" name="Login" time="26.354"/>
  <system-out/>
</testsuite> <!-- testlayer.LoginTest -->
