<?xml version="1.0" encoding="UTF-8"?>
<!-- Generated by org.testng.reporters.JUnitReportReporter -->
<testsuite hostname="Varun-pc" failures="0" tests="2" name="testlayer.YourAccountTest" time="66.149" errors="0" timestamp="2022-05-31T14:01:29 EDT" skipped="0">
  <testcase classname="testlayer.YourAccountTest" name="Yaccount" time="43.055"/>
  <system-out/>
  <testcase classname="testlayer.YourAccountTest" name="account" time="23.094"/>
  <system-out/>
</testsuite> <!-- testlayer.YourAccountTest -->
