<?xml version="1.0" encoding="UTF-8"?>
<!-- Generated by org.testng.reporters.JUnitReportReporter -->
<testsuite hostname="Varun-pc" failures="0" tests="2" name="testlayer.ShoppingTest" time="113.123" errors="0" timestamp="2022-06-08T16:41:13 EDT" skipped="0">
  <testcase classname="testlayer.ShoppingTest" name="search" time="47.646"/>
  <system-out/>
  <testcase classname="testlayer.ShoppingTest" name="cart" time="65.477"/>
  <system-out/>
</testsuite> <!-- testlayer.ShoppingTest -->
